bytes allocated, allocations, type, function, file:line
           1152	              9	void[] std.array.Appender!(string[]).Appender.ensureAddable.__lambda9 /usr/include/dmd/phobos/std/array.d:3576
            816	              1	std.getopt.Option[] std.getopt.getoptImpl!().getoptImpl /usr/include/dmd/phobos/std/getopt.d:798
            512	              1	std.getopt.Option[] std.getopt.getoptImpl!(string, string, bool*, string, string, bool*, string, string, bool*).getoptImpl /usr/include/dmd/phobos/std/getopt.d:738
            368	              1	std.getopt.Option[] std.getopt.getoptImpl!(string, string, bool*, string, string, uint*, string, string, bool*, string, string, bool*, string, string, bool*).getoptImpl /usr/include/dmd/phobos/std/getopt.d:738
            288	              9	std.array.Appender!(immutable(char)[][]).Appender.Data std.array.Appender!(string[]).Appender.this /usr/include/dmd/phobos/std/array.d:3451
            256	              1	core.thread.osthread.Thread std.concurrency._spawn!(void function(Tid) @system, Tid)._spawn /usr/include/dmd/phobos/std/concurrency.d:620
            256	              1	std.getopt.Option[] std.getopt.getoptImpl!(string, string, bool*, string, string, bool*, string, string, uint*, string, string, bool*, string, string, bool*, string, string, bool*).getoptImpl /usr/include/dmd/phobos/std/getopt.d:738
            192	              2	immutable(char)[][] unit_threaded.runner.io.escCode ../../../.dub/packages/unit-threaded-2.0.5/unit-threaded/subpackages/runner/source/unit_threaded/runner/io.d:124
            176	              1	std.concurrency.MessageBox std.concurrency._spawn!(void function(Tid) @system, Tid)._spawn /usr/include/dmd/phobos/std/concurrency.d:605
            176	              1	std.getopt.Option[] std.getopt.getoptImpl!(string, string, bool*, string, string, bool*, string, string, bool*, string, string, uint*, string, string, bool*, string, string, bool*, string, string, bool*).getoptImpl /usr/include/dmd/phobos/std/getopt.d:738
            128	              1	std.getopt.Option[] std.getopt.getoptImpl!(string, string, bool*, string, string, bool*, string, string, bool*, string, string, bool*, string, string, uint*, string, string, bool*, string, string, bool*, string, string, bool*).getoptImpl /usr/include/dmd/phobos/std/getopt.d:738
             96	              1	closure unit_threaded.runner.io.threadWriter!(makeGlobal, makeGlobal).threadWriter ../../../.dub/packages/unit-threaded-2.0.5/unit-threaded/subpackages/runner/source/unit_threaded/runner/io.d:246
             96	              1	std.concurrency.OwnerTerminated std.concurrency.MessageBox.get!(void delegate(string msg, Tid originTid) @system, void delegate(ThreadWait w) @system, void delegate(ThreadFinish f) pure nothrow @nogc @safe, void delegate(Flush f, Tid originTid) @system, void delegate(OwnerTerminated trm) pure nothrow @nogc @safe).get.onLinkDeadMsg /usr/include/dmd/phobos/std/concurrency.d:2191
             64	              1	std.getopt.Option[] std.getopt.getoptImpl!(string, string, bool*, string, string, bool*, string, string, bool*, string, string, bool*, string, string, bool*, string, string, uint*, string, string, bool*, string, string, bool*, string, string, bool*).getoptImpl /usr/include/dmd/phobos/std/getopt.d:738
             48	              1	closure std.concurrency._spawn!(void function(Tid) @system, Tid)._spawn /usr/include/dmd/phobos/std/concurrency.d:601
             48	              1	void[] std.array.Appender!string.Appender.ensureAddable.__lambda9 /usr/include/dmd/phobos/std/array.d:3576
             32	              1	immutable(char)[] unit_threaded.runner.io.colour!(Colour.green).colour ../../../.dub/packages/unit-threaded-2.0.5/unit-threaded/subpackages/runner/source/unit_threaded/runner/io.d:113
             32	              1	std.array.Appender!(immutable(char)[]).Appender.Data std.array.Appender!string.Appender.this /usr/include/dmd/phobos/std/array.d:3451
             32	              1	unit_threaded.runner.io.WriterThread unit_threaded.runner.io.WriterThread.get.__dgliteral2 ../../../.dub/packages/unit-threaded-2.0.5/unit-threaded/subpackages/runner/source/unit_threaded/runner/io.d:192
             16	              1	immutable(char)[] unit_threaded.runner.io.writelnGreen!string.writelnGreen ../../../.dub/packages/unit-threaded-2.0.5/unit-threaded/subpackages/runner/source/unit_threaded/runner/io.d:149
             16	              1	unit_threaded.runner.reflection.TestData[] unit_threaded.runner.reflection.moduleUnitTests!(debugutilities, graphics, renderer, sdlhelper, instance, vulkan, testhelper, window).moduleUnitTests ../../../.dub/packages/unit-threaded-2.0.5/unit-threaded/subpackages/runner/source/unit_threaded/runner/reflection.d:128
